--------------------------------------------------------------
SCOS2000 hex packet
--------------------------------------------------------------
000000005a0196be000d7d745a0196c000016bd100000001033000cb00000090182503e8000006db0000d6d800000000033000000000000b0001000000300000ffffffffff100644000003190e44c000003d1003190080000000000000010001000000000000000000000000000022e301000000791a000000000000000000000648030e00080000092b0a5504be0648
--------------------------------------------------------------
SCOS2000 hex packet
--------------------------------------------------------------
Packet converted to GDDS Binary format
--------------------------------------------------------------
/////////////////////////////////////////////////////////////////////////////

 GDDS Binary TM Packet complete (86 bytes): 5A0196BE000D7D740000004400CB000000010E44C000003D1003190080000000000000010001000000000000000000000000000022E301000000791A000000000000000000000648030E00080000092B0A5504BE0648 

 ===============  GddsBinaryTmPacketHeader  =======================

  GDDS Binary header (18 bytes): 5A0196BE000D7D740000004400CB00000001
  --------------------------------------------------------------------------
  Split by fields:
Gen.Time (secs usecs) -> 5A0196BE 000D7D74 (1510053566 884084) - [2017-11-07T11:19:26.884Z]
Packet length         -> 00000044          (68)
Ground Station ID     -> 00CB              (203)
Virtual Channel       -> 0000              (0)
SLE Service ID        -> 00                (0)
Time Qualiy Flag      -> 01                (1)


 ===============  GddsBinaryTmPacketData  ====================

 GDDS Binary Data (68 bytes): 0E44C000003D1003190080000000000000010001000000000000000000000000000022E301000000791A000000000000000000000648030E00080000092B0A5504BE0648

      ccsdsSourcePacketHeader = CcsdsSourcePacketHeader [getPktId()=3652, getPktSeqControl()=-16384, getPktLength()=61, getVersionNumber()=0, getPacketType()=0, getDataFieldHeaderFlag()=1, getApid()=1604, getSegmentationFlag()=3, getSourceSequenceCount()=0]
      ccsdsDataFieldHeader    = CcsdsDataFieldHeader [getSparePusVersionSpare()=16, getServiceType()=3, getServiceSubType()=25, getDestinationId()=0, getSpacecraftClockTimeSec()=2147483648, getSpacecraftClockTimeSecFraction()=0, getSpacecraftClockTime()=SpacecraftClockTime [getDoubleValue()=2.147483648E9, formatAsString()=2147483648.00000, getSeconds()=2147483648, getFractions()=0, hashCode()=-2147482687], getSpare1()=0, getPusVersion()=1, getSpare2()=0]]
--------------------------------------------------------------
SCOS-2000 Common Header (60 bytes)
--------------------------------------------------------------
#FieldName, HEX, value
C-tree,0000,0
Access Flag,00,0
Spare + Sim Flag,00,0
FT Secs,5a0196be,1510053566
FT Micro Secs,000d7d74,884084
CT Secs,5a0196c0,1510053568
CT Micro Secs,00016bd1,93137
Create ID,00000001,1
Spacecraft ID,0330,816
Ground Station ID,00cb,203
Size,00000090,144
Type + Version,18,24
Var1,25,37
Stream ID,03e8,1000
Sequence counter,000006db,1755
Filing key,0000d6d8,55000
Retr key 1,0000,0
Retr key 2,0000,0
Mission ID,0330,816
Context ID,0000,0
Domain ID,0000,0
DB Rel,000b,11
DB ISS,0001,1
Spare,0000,0
--------------------------------------------------------------
SCOS-2000 TM Header (16 bytes)
--------------------------------------------------------------
#FieldName, HEX, value
Validity,00300000,3145728
TPSD,ffffffff,4294967295
Route ID,ff10,65296
PUS APID,0644,1604
PUS SSC,0000,0
PUS Service Type,03,3
PUS Service Sub-type,19,25
--------------------------------------------------------------
CCSDS Source Packet Header (6 bytes)
--------------------------------------------------------------
#FieldName, HEX, value
Packet ID,0e44,3652
Packet Sequence Control,c000,49152
Packet Length,003d,61
--------------------------------------------------------------
CCSDS Data Field Header(10 bytes)
--------------------------------------------------------------
#FieldName, HEX, value
Spare + Version,10,16
Service Type,03,3
Service SubType,19,25
Destination ID,00,0
S/C Time,800000000000,N/A
--------------------------------------------------------------
--------------------------------------------------------------
# first time row conversion
timestamp           ----> S/C Time
2017-11-07T11:19:26 ----> 2147483648
--------------------------------------------------------------
S/C Time : 6 BYTES, |SCET_s|SCET_us|
--------------------------------------------------------------
split fields
--------------------------------------------------------------
S2K Common Header (60 bytes) --> 000000005a0196be000d7d745a0196c000016bd100000001033000cb00000090182503e8000006db0000d6d800000000033000000000000b00010000
S2K TM Header (16 bytes) --> 00300000ffffffffff10064400000319
CCSDS Source Packet Header (6 bytes) --> 0e44c000003d
CCSDS Data Field Header (10 bytes) --> 10031900800000000000
Packet Data (52 bytes) --> 00010001000000000000000000000000000022e301000000791a000000000000000000000648030e00080000092b0a5504be0648
--------------------------------------------------------------
TM Checks
--------------------------------------------------------------
Result: All checks PASSED
--------------------------------------------------------------
CheckGroup, CheckPerformed, Result, ResultDetails
TM Check report
Packet length,Scos2k header packet length, PASSED
Packet length,Ccsds packet length,PASSED
Mib packet definition,Mib spid definition,PASSED
Mib packet definition,Mib apid type subtype definition,PASSED
Mib packet definition,Spid mib same as spid in packet,PASSED
Ccsds header,Version number value,PASSED
Ccsds header,Pus version value,PASSED
Scos 2k header,Spacecraft id value,PASSED
Scos 2k header,Ground station id value,PASSED
Scos 2k header,Type value,PASSED
Scos 2k header,Version value,PASSED
Scos 2k header,Timestamp policy value,PASSED
Scos 2k header,Time quality value,PASSED
Scos 2k header,Stream id value,PASSED
Scos 2k header,Mission id value,PASSED
Scos 2k header,Context id value,PASSED
Scos 2k header,S2k ccsds fields consistency,PASSED
--------------------------------------------------------------
