2019-08-20T14:12:02.651644213|squirrel|binarytobitvect|INFO|returning the bit vector of 1100100
2019-08-20T14:12:02.667311822|squirrel|binarytobitvect|INFO|returning the bit vector of 1100
2019-08-20T14:12:02.680092771|squirrel|set_default_dds_packet|INFO|setting APID to 1612
2019-08-20T14:12:02.696100655|squirrel|binarytobitvect|INFO|returning the bit vector of 00000000000000
2019-08-20T14:12:02.698763252|squirrel|set_default_dds_packet|INFO|executing  'binarytobitvect leftpadstring dectobin 0 14 '0'))' =  0 0 0 0 0 0 0 0 0 0 0 0 0 0
2019-08-20T14:12:02.701508793|squirrel|set_default_dds_packet|INFO|setting SSC to 0
2019-08-20T14:12:02.719839637|squirrel|binarytobitvect|INFO|returning the bit vector of 00000000000000
2019-08-20T14:12:02.759570959|squirrel|check_dds_pkt_fields|INFO|dds_hd_gentime dimension is 64 bit(s)
2019-08-20T14:12:02.761374786|squirrel|check_dds_pkt_fields|INFO|dds_hd_pktlen dimension is 32 bit(s)
2019-08-20T14:12:02.763401780|squirrel|check_dds_pkt_fields|INFO|dds_hd_gndstid dimension is 16 bit(s)
2019-08-20T14:12:02.765168687|squirrel|check_dds_pkt_fields|INFO|dds_hd_vcid dimension is 16 bit(s)
2019-08-20T14:12:02.766935612|squirrel|check_dds_pkt_fields|INFO|dds_hd_slesrvid dimension is 8 bit(s)
2019-08-20T14:12:02.768887169|squirrel|check_dds_pkt_fields|INFO|dds_hd_tmqf dimension is 8 bit(s)
2019-08-20T14:12:02.770586703|squirrel|check_dds_pkt_fields|INFO|hd_id_version_n dimension is 3 bit(s)
2019-08-20T14:12:02.772481151|squirrel|check_dds_pkt_fields|INFO|hd_id_type dimension is 1 bit(s)
2019-08-20T14:12:02.774246823|squirrel|check_dds_pkt_fields|INFO|hd_dfhflag dimension is 1  bit(s) value is 1
2019-08-20T14:12:02.777705789|squirrel|check_dds_pkt_fields|INFO|hd_apid_pid dimension is 7 bit(s)
2019-08-20T14:12:02.779997362|squirrel|check_dds_pkt_fields|INFO|hd_apid_cat dimension is 4 bit(s)
2019-08-20T14:12:02.790766773|squirrel|check_dds_pkt_fields|INFO|hd_apid dimension is 11  bit(s) dec value is 1612
2019-08-20T14:12:02.795570290|squirrel|check_dds_pkt_fields|INFO|hd_seq_flag dimension is 2 bit(s)
2019-08-20T14:12:02.800880314|squirrel|bintodec|WARN|argument 00000000000000 has leading zeros 00000000000000 if you want to enter an octal number use octodec instead
2019-08-20T14:12:02.804582012|squirrel|check_dds_pkt_fields|INFO|hd_seq_ssc dimension is 14 dec value is 0
2019-08-20T14:12:02.809846082|squirrel|bintodec|WARN|argument 0000000000001011 has leading zeros 000000000000 if you want to enter an octal number use octodec instead
2019-08-20T14:12:02.813722748|squirrel|check_dds_pkt_fields|INFO|hd_pktlen dimension is 16 bit(s) value is 11
2019-08-20T14:12:02.815655800|squirrel|check_dds_pkt_fields|INFO|dfh_spare1 dimension is 1 bit(s)
2019-08-20T14:12:02.817625406|squirrel|check_dds_pkt_fields|INFO|dfh_pusver dimension is 3 bit(s)
2019-08-20T14:12:02.819572560|squirrel|check_dds_pkt_fields|INFO|dfh_spare2 dimension is 4 bit(s)
2019-08-20T14:12:02.821784713|squirrel|check_dds_pkt_fields|INFO|dfh_service_type dimension is 8 bit(s)
2019-08-20T14:12:02.823644384|squirrel|check_dds_pkt_fields|INFO|dfh_service_subtype dimension is 8 bit(s)
2019-08-20T14:12:02.825963089|squirrel|check_dds_pkt_fields|INFO|dfh_destination dimension is 8 bit(s)
2019-08-20T14:12:02.827943210|squirrel|check_dds_pkt_fields|INFO|dfh_scet dimension is 48 bit(s)
2019-08-20T14:12:02.830314575|squirrel|check_dds_pkt_fields|INFO|tot number of bits in the packet is 272
2019-08-20T14:12:02.834110549|squirrel|check_dds_pkt_fields|INFO|tot number of BYTES in the packet is 34
0000111001001100110000000000000000000000000010110000000000000000000000000000000000000000000000000000000000000000000000000000000010001011100000012019-08-20T14:12:02.838272715|squirrel|dump_dds_packet_file|INFO|SSC = 1
2019-08-20T14:12:02.845951583|squirrel|binarytobitvect|INFO|returning the bit vector of 1100100
2019-08-20T14:12:02.866389373|squirrel|binarytobitvect|INFO|returning the bit vector of 1100
2019-08-20T14:12:02.874402155|squirrel|set_default_dds_packet|INFO|setting APID to 1612
2019-08-20T14:12:02.883103860|squirrel|binarytobitvect|INFO|returning the bit vector of 00000000000001
2019-08-20T14:12:02.885785424|squirrel|set_default_dds_packet|INFO|executing  'binarytobitvect leftpadstring dectobin 1 14 '0'))' =  0 0 0 0 0 0 0 0 0 0 0 0 0 1
2019-08-20T14:12:02.887372388|squirrel|set_default_dds_packet|INFO|setting SSC to 1
2019-08-20T14:12:02.895190864|squirrel|binarytobitvect|INFO|returning the bit vector of 00000000000001
2019-08-20T14:12:02.919094157|squirrel|check_dds_pkt_fields|INFO|dds_hd_gentime dimension is 64 bit(s)
2019-08-20T14:12:02.920768027|squirrel|check_dds_pkt_fields|INFO|dds_hd_pktlen dimension is 32 bit(s)
2019-08-20T14:12:02.922380734|squirrel|check_dds_pkt_fields|INFO|dds_hd_gndstid dimension is 16 bit(s)
2019-08-20T14:12:02.924079553|squirrel|check_dds_pkt_fields|INFO|dds_hd_vcid dimension is 16 bit(s)
2019-08-20T14:12:02.925657883|squirrel|check_dds_pkt_fields|INFO|dds_hd_slesrvid dimension is 8 bit(s)
2019-08-20T14:12:02.927254409|squirrel|check_dds_pkt_fields|INFO|dds_hd_tmqf dimension is 8 bit(s)
2019-08-20T14:12:02.928895285|squirrel|check_dds_pkt_fields|INFO|hd_id_version_n dimension is 3 bit(s)
2019-08-20T14:12:02.930478840|squirrel|check_dds_pkt_fields|INFO|hd_id_type dimension is 1 bit(s)
2019-08-20T14:12:02.932095274|squirrel|check_dds_pkt_fields|INFO|hd_dfhflag dimension is 1  bit(s) value is 1
2019-08-20T14:12:02.933714300|squirrel|check_dds_pkt_fields|INFO|hd_apid_pid dimension is 7 bit(s)
2019-08-20T14:12:02.935237597|squirrel|check_dds_pkt_fields|INFO|hd_apid_cat dimension is 4 bit(s)
2019-08-20T14:12:02.940622214|squirrel|check_dds_pkt_fields|INFO|hd_apid dimension is 11  bit(s) dec value is 1612
2019-08-20T14:12:02.942216568|squirrel|check_dds_pkt_fields|INFO|hd_seq_flag dimension is 2 bit(s)
2019-08-20T14:12:02.946445756|squirrel|bintodec|WARN|argument 00000000000001 has leading zeros 0000000000000 if you want to enter an octal number use octodec instead
2019-08-20T14:12:02.949669189|squirrel|check_dds_pkt_fields|INFO|hd_seq_ssc dimension is 14 dec value is 1
2019-08-20T14:12:02.953878165|squirrel|bintodec|WARN|argument 0000000000001011 has leading zeros 000000000000 if you want to enter an octal number use octodec instead
2019-08-20T14:12:02.956956535|squirrel|check_dds_pkt_fields|INFO|hd_pktlen dimension is 16 bit(s) value is 11
2019-08-20T14:12:02.958706421|squirrel|check_dds_pkt_fields|INFO|dfh_spare1 dimension is 1 bit(s)
2019-08-20T14:12:02.960330207|squirrel|check_dds_pkt_fields|INFO|dfh_pusver dimension is 3 bit(s)
2019-08-20T14:12:02.961919129|squirrel|check_dds_pkt_fields|INFO|dfh_spare2 dimension is 4 bit(s)
2019-08-20T14:12:02.963848206|squirrel|check_dds_pkt_fields|INFO|dfh_service_type dimension is 8 bit(s)
2019-08-20T14:12:02.965811151|squirrel|check_dds_pkt_fields|INFO|dfh_service_subtype dimension is 8 bit(s)
2019-08-20T14:12:02.967902694|squirrel|check_dds_pkt_fields|INFO|dfh_destination dimension is 8 bit(s)
2019-08-20T14:12:02.969562147|squirrel|check_dds_pkt_fields|INFO|dfh_scet dimension is 48 bit(s)
2019-08-20T14:12:02.971291012|squirrel|check_dds_pkt_fields|INFO|tot number of bits in the packet is 272
2019-08-20T14:12:02.972878227|squirrel|check_dds_pkt_fields|INFO|tot number of BYTES in the packet is 34
0000111001001100110000000000000100000000000010110000000000000000000000000000000000000000000000000000000000000000000000000000000000110100001000112019-08-20T14:12:02.976921854|squirrel|dump_dds_packet_file|INFO|SSC = 2
2019-08-20T14:12:02.984430588|squirrel|binarytobitvect|INFO|returning the bit vector of 1100100
2019-08-20T14:12:02.992523826|squirrel|binarytobitvect|INFO|returning the bit vector of 1100
2019-08-20T14:12:03.000635014|squirrel|set_default_dds_packet|INFO|setting APID to 1612
2019-08-20T14:12:03.009198625|squirrel|binarytobitvect|INFO|returning the bit vector of 00000000000010
2019-08-20T14:12:03.012303810|squirrel|set_default_dds_packet|INFO|executing  'binarytobitvect leftpadstring dectobin 2 14 '0'))' =  0 0 0 0 0 0 0 0 0 0 0 0 1 0
2019-08-20T14:12:03.014212993|squirrel|set_default_dds_packet|INFO|setting SSC to 2
2019-08-20T14:12:03.022024142|squirrel|binarytobitvect|INFO|returning the bit vector of 00000000000010
2019-08-20T14:12:03.046395226|squirrel|check_dds_pkt_fields|INFO|dds_hd_gentime dimension is 64 bit(s)
2019-08-20T14:12:03.048030190|squirrel|check_dds_pkt_fields|INFO|dds_hd_pktlen dimension is 32 bit(s)
2019-08-20T14:12:03.049686854|squirrel|check_dds_pkt_fields|INFO|dds_hd_gndstid dimension is 16 bit(s)
2019-08-20T14:12:03.051288762|squirrel|check_dds_pkt_fields|INFO|dds_hd_vcid dimension is 16 bit(s)
2019-08-20T14:12:03.052945277|squirrel|check_dds_pkt_fields|INFO|dds_hd_slesrvid dimension is 8 bit(s)
2019-08-20T14:12:03.054497865|squirrel|check_dds_pkt_fields|INFO|dds_hd_tmqf dimension is 8 bit(s)
2019-08-20T14:12:03.056099448|squirrel|check_dds_pkt_fields|INFO|hd_id_version_n dimension is 3 bit(s)
2019-08-20T14:12:03.057656281|squirrel|check_dds_pkt_fields|INFO|hd_id_type dimension is 1 bit(s)
2019-08-20T14:12:03.059232163|squirrel|check_dds_pkt_fields|INFO|hd_dfhflag dimension is 1  bit(s) value is 1
2019-08-20T14:12:03.060816624|squirrel|check_dds_pkt_fields|INFO|hd_apid_pid dimension is 7 bit(s)
2019-08-20T14:12:03.062356963|squirrel|check_dds_pkt_fields|INFO|hd_apid_cat dimension is 4 bit(s)
2019-08-20T14:12:03.067779259|squirrel|check_dds_pkt_fields|INFO|hd_apid dimension is 11  bit(s) dec value is 1612
2019-08-20T14:12:03.069408591|squirrel|check_dds_pkt_fields|INFO|hd_seq_flag dimension is 2 bit(s)
2019-08-20T14:12:03.073709410|squirrel|bintodec|WARN|argument 00000000000010 has leading zeros 000000000000 if you want to enter an octal number use octodec instead
2019-08-20T14:12:03.077003918|squirrel|check_dds_pkt_fields|INFO|hd_seq_ssc dimension is 14 dec value is 2
2019-08-20T14:12:03.081352680|squirrel|bintodec|WARN|argument 0000000000001011 has leading zeros 000000000000 if you want to enter an octal number use octodec instead
2019-08-20T14:12:03.084577733|squirrel|check_dds_pkt_fields|INFO|hd_pktlen dimension is 16 bit(s) value is 11
2019-08-20T14:12:03.086202331|squirrel|check_dds_pkt_fields|INFO|dfh_spare1 dimension is 1 bit(s)
2019-08-20T14:12:03.087766788|squirrel|check_dds_pkt_fields|INFO|dfh_pusver dimension is 3 bit(s)
2019-08-20T14:12:03.089737603|squirrel|check_dds_pkt_fields|INFO|dfh_spare2 dimension is 4 bit(s)
2019-08-20T14:12:03.091670795|squirrel|check_dds_pkt_fields|INFO|dfh_service_type dimension is 8 bit(s)
2019-08-20T14:12:03.093658761|squirrel|check_dds_pkt_fields|INFO|dfh_service_subtype dimension is 8 bit(s)
2019-08-20T14:12:03.095329110|squirrel|check_dds_pkt_fields|INFO|dfh_destination dimension is 8 bit(s)
2019-08-20T14:12:03.097066106|squirrel|check_dds_pkt_fields|INFO|dfh_scet dimension is 48 bit(s)
2019-08-20T14:12:03.098628776|squirrel|check_dds_pkt_fields|INFO|tot number of bits in the packet is 272
2019-08-20T14:12:03.100252847|squirrel|check_dds_pkt_fields|INFO|tot number of BYTES in the packet is 34
0000111001001100110000000000001000000000000010110000000000000000000000000000000000000000000000000000000000000000000000000000000010110110111101102019-08-20T14:12:03.103850086|squirrel|dump_dds_packet_file|INFO|SSC = 3
